<?xml version="1.0" encoding="UTF-8"?>
<!-- Generated by org.testng.reporters.JUnitReportReporter -->
<testsuite skipped="3" hostname="MACs-Mac-mini.local" name="com.aiod.qa.TestCases.BundleDiscountTestCase" tests="4" failures="0" timestamp="2023-09-14T12:01:32 IST" time="3.471" errors="1">
  <testcase name="setup" time="3.471" classname="com.aiod.qa.TestCases.BundleDiscountTestCase">
    <error type="org.openqa.selenium.SessionNotCreatedException" message="session not created: This version of ChromeDriver only supports Chrome version 113
Current browser version is 116.0.5845.187 with binary path /Applications/Google Chrome.app/Contents/MacOS/Google Chrome
Build info: version: &#039;3.141.59&#039;, revision: &#039;e82be7d358&#039;, time: &#039;2018-11-14T08:17:03&#039;
System info: host: &#039;MACs-Mac-mini.local&#039;, ip: &#039;2405:201:200c:6143:8596:172e:4fa6:6f0a%en0&#039;, os.name: &#039;Mac OS X&#039;, os.arch: &#039;x86_64&#039;, os.version: &#039;12.6.5&#039;, java.version: &#039;1.8.0_361&#039;
Driver info: driver.version: ChromeDriver
remote stacktrace: 0   chromedriver                        0x0000000101409598 chromedriver + 4973976
1   chromedriver                        0x0000000101400913 chromedriver + 4938003
2   chromedriver                        0x0000000100fbdcd6 chromedriver + 470230
3   chromedriver                        0x0000000100ff0340 chromedriver + 676672
4   chromedriver                        0x0000000100feb74a chromedriver + 657226
5   chromedriver                        0x0000000100fe7b79 chromedriver + 641913
6   chromedriver                        0x000000010102f2a6 chromedriver + 934566
7   chromedriver                        0x000000010102e75f chromedriver + 931679
8   chromedriver                        0x0000000101025793 chromedriver + 894867
9   chromedriver                        0x0000000100ff321f chromedriver + 688671
10  chromedriver                        0x0000000100ff456e chromedriver + 693614
11  chromedriver                        0x00000001013c3bb7 chromedriver + 4688823
12  chromedriver                        0x00000001013c8a51 chromedriver + 4708945
13  chromedriver                        0x00000001013cf40f chromedriver + 4736015
14  chromedriver                        0x00000001013c991a chromedriver + 4712730
15  chromedriver                        0x000000010139c87c chromedriver + 4528252
16  chromedriver                        0x00000001013e8f28 chromedriver + 4841256
17  chromedriver                        0x00000001013e90a7 chromedriver + 4841639
18  chromedriver                        0x00000001013fa28f chromedriver + 4911759
19  libsystem_pthread.dylib             0x00007ff81b8674e1 _pthread_start + 125
20  libsystem_pthread.dylib             0x00007ff81b862f6b thread_start + 15
">
      <![CDATA[org.openqa.selenium.SessionNotCreatedException: session not created: This version of ChromeDriver only supports Chrome version 113
Current browser version is 116.0.5845.187 with binary path /Applications/Google Chrome.app/Contents/MacOS/Google Chrome
Build info: version: '3.141.59', revision: 'e82be7d358', time: '2018-11-14T08:17:03'
System info: host: 'MACs-Mac-mini.local', ip: '2405:201:200c:6143:8596:172e:4fa6:6f0a%en0', os.name: 'Mac OS X', os.arch: 'x86_64', os.version: '12.6.5', java.version: '1.8.0_361'
Driver info: driver.version: ChromeDriver
remote stacktrace: 0   chromedriver                        0x0000000101409598 chromedriver + 4973976
1   chromedriver                        0x0000000101400913 chromedriver + 4938003
2   chromedriver                        0x0000000100fbdcd6 chromedriver + 470230
3   chromedriver                        0x0000000100ff0340 chromedriver + 676672
4   chromedriver                        0x0000000100feb74a chromedriver + 657226
5   chromedriver                        0x0000000100fe7b79 chromedriver + 641913
6   chromedriver                        0x000000010102f2a6 chromedriver + 934566
7   chromedriver                        0x000000010102e75f chromedriver + 931679
8   chromedriver                        0x0000000101025793 chromedriver + 894867
9   chromedriver                        0x0000000100ff321f chromedriver + 688671
10  chromedriver                        0x0000000100ff456e chromedriver + 693614
11  chromedriver                        0x00000001013c3bb7 chromedriver + 4688823
12  chromedriver                        0x00000001013c8a51 chromedriver + 4708945
13  chromedriver                        0x00000001013cf40f chromedriver + 4736015
14  chromedriver                        0x00000001013c991a chromedriver + 4712730
15  chromedriver                        0x000000010139c87c chromedriver + 4528252
16  chromedriver                        0x00000001013e8f28 chromedriver + 4841256
17  chromedriver                        0x00000001013e90a7 chromedriver + 4841639
18  chromedriver                        0x00000001013fa28f chromedriver + 4911759
19  libsystem_pthread.dylib             0x00007ff81b8674e1 _pthread_start + 125
20  libsystem_pthread.dylib             0x00007ff81b862f6b thread_start + 15

at sun.reflect.NativeConstructorAccessorImpl.newInstance0(Native Method)
at sun.reflect.NativeConstructorAccessorImpl.newInstance(NativeConstructorAccessorImpl.java:62)
at sun.reflect.DelegatingConstructorAccessorImpl.newInstance(DelegatingConstructorAccessorImpl.java:45)
at java.lang.reflect.Constructor.newInstance(Constructor.java:423)
at org.openqa.selenium.remote.W3CHandshakeResponse.lambda$errorHandler$0(W3CHandshakeResponse.java:62)
at org.openqa.selenium.remote.HandshakeResponse.lambda$getResponseFunction$0(HandshakeResponse.java:30)
at org.openqa.selenium.remote.ProtocolHandshake.lambda$createSession$0(ProtocolHandshake.java:126)
at java.util.stream.ReferencePipeline$3$1.accept(ReferencePipeline.java:193)
at java.util.Spliterators$ArraySpliterator.tryAdvance(Spliterators.java:958)
at java.util.stream.ReferencePipeline.forEachWithCancel(ReferencePipeline.java:126)
at java.util.stream.AbstractPipeline.copyIntoWithCancel(AbstractPipeline.java:499)
at java.util.stream.AbstractPipeline.copyInto(AbstractPipeline.java:486)
at java.util.stream.AbstractPipeline.wrapAndCopyInto(AbstractPipeline.java:472)
at java.util.stream.FindOps$FindOp.evaluateSequential(FindOps.java:152)
at java.util.stream.AbstractPipeline.evaluate(AbstractPipeline.java:234)
at java.util.stream.ReferencePipeline.findFirst(ReferencePipeline.java:464)
at org.openqa.selenium.remote.ProtocolHandshake.createSession(ProtocolHandshake.java:128)
at org.openqa.selenium.remote.ProtocolHandshake.createSession(ProtocolHandshake.java:74)
at org.openqa.selenium.remote.HttpCommandExecutor.execute(HttpCommandExecutor.java:136)
at org.openqa.selenium.remote.service.DriverCommandExecutor.execute(DriverCommandExecutor.java:83)
at org.openqa.selenium.remote.RemoteWebDriver.execute(RemoteWebDriver.java:552)
at org.openqa.selenium.remote.RemoteWebDriver.startSession(RemoteWebDriver.java:213)
at org.openqa.selenium.remote.RemoteWebDriver.<init>(RemoteWebDriver.java:131)
at org.openqa.selenium.chrome.ChromeDriver.<init>(ChromeDriver.java:181)
at org.openqa.selenium.chrome.ChromeDriver.<init>(ChromeDriver.java:168)
at org.openqa.selenium.chrome.ChromeDriver.<init>(ChromeDriver.java:123)
at com.aiod.qa.base.TestBase.initialization(TestBase.java:47)
at com.aiod.qa.TestCases.BundleDiscountTestCase.setup(BundleDiscountTestCase.java:27)
at sun.reflect.NativeMethodAccessorImpl.invoke0(Native Method)
at sun.reflect.NativeMethodAccessorImpl.invoke(NativeMethodAccessorImpl.java:62)
at sun.reflect.DelegatingMethodAccessorImpl.invoke(DelegatingMethodAccessorImpl.java:43)
at java.lang.reflect.Method.invoke(Method.java:498)
at org.testng.internal.MethodInvocationHelper.invokeMethod(MethodInvocationHelper.java:134)
at org.testng.internal.MethodInvocationHelper.invokeMethodConsideringTimeout(MethodInvocationHelper.java:63)
at org.testng.internal.ConfigInvoker.invokeConfigurationMethod(ConfigInvoker.java:348)
at org.testng.internal.ConfigInvoker.invokeConfigurations(ConfigInvoker.java:302)
at org.testng.internal.TestInvoker.runConfigMethods(TestInvoker.java:695)
at org.testng.internal.TestInvoker.invokeMethod(TestInvoker.java:523)
at org.testng.internal.TestInvoker.invokeTestMethod(TestInvoker.java:173)
at org.testng.internal.MethodRunner.runInSequence(MethodRunner.java:46)
at org.testng.internal.TestInvoker$MethodInvocationAgent.invoke(TestInvoker.java:816)
at org.testng.internal.TestInvoker.invokeTestMethods(TestInvoker.java:146)
at org.testng.internal.TestMethodWorker.invokeTestMethods(TestMethodWorker.java:146)
at org.testng.internal.TestMethodWorker.run(TestMethodWorker.java:128)
at java.util.ArrayList.forEach(ArrayList.java:1259)
at org.testng.TestRunner.privateRun(TestRunner.java:766)
at org.testng.TestRunner.run(TestRunner.java:587)
at org.testng.SuiteRunner.runTest(SuiteRunner.java:384)
at org.testng.SuiteRunner.runSequentially(SuiteRunner.java:378)
at org.testng.SuiteRunner.privateRun(SuiteRunner.java:337)
at org.testng.SuiteRunner.run(SuiteRunner.java:286)
at org.testng.SuiteRunnerWorker.runSuite(SuiteRunnerWorker.java:53)
at org.testng.SuiteRunnerWorker.run(SuiteRunnerWorker.java:96)
at org.testng.TestNG.runSuitesSequentially(TestNG.java:1187)
at org.testng.TestNG.runSuitesLocally(TestNG.java:1109)
at org.testng.TestNG.runSuites(TestNG.java:1039)
at org.testng.TestNG.run(TestNG.java:1007)
at org.testng.remote.AbstractRemoteTestNG.run(AbstractRemoteTestNG.java:115)
at org.testng.remote.RemoteTestNG.initAndRun(RemoteTestNG.java:251)
at org.testng.remote.RemoteTestNG.main(RemoteTestNG.java:77)
]]>
    </error>
  </testcase> <!-- setup -->
  <system-out/>
  <testcase name="verifyhomePageTitle" time="0.000" classname="com.aiod.qa.TestCases.BundleDiscountTestCase">
    <skipped/>
  </testcase> <!-- verifyhomePageTitle -->
  <system-out/>
  <testcase name="VerifyPanelTitle" time="0.000" classname="com.aiod.qa.TestCases.BundleDiscountTestCase">
    <skipped/>
  </testcase> <!-- VerifyPanelTitle -->
  <system-out/>
  <testcase name="CreateBudleOffer" time="0.000" classname="com.aiod.qa.TestCases.BundleDiscountTestCase">
    <skipped/>
  </testcase> <!-- CreateBudleOffer -->
  <system-out/>
</testsuite> <!-- com.aiod.qa.TestCases.BundleDiscountTestCase -->
