<?xml version="1.0" encoding="UTF-8"?>
<!-- Generated by org.testng.reporters.JUnitXMLReporter -->
<testsuite ignored="0" hostname="MACs-Mac-mini.local" failures="0" tests="6" name="Default test" time="20.555" errors="0" timestamp="2023-09-14T11:41:57 IST">
  <testcase classname="com.hrm.qa.Testcases.LoginPageTestcase" name="@BeforeMethod setup" time="20.416">
    <failure type="org.openqa.selenium.WebDriverException" message="Timed out waiting for driver server to start.
Build info: version: &amp;apos;3.141.59&amp;apos;, revision: &amp;apos;e82be7d358&amp;apos;, time: &amp;apos;2018-11-14T08:17:03&amp;apos;
System info: host: &amp;apos;MACs-Mac-mini.local&amp;apos;, ip: &amp;apos;2405:201:200c:6143:8596:172e:4fa6:6f0a%en0&amp;apos;, os.name: &amp;apos;Mac OS X&amp;apos;, os.arch: &amp;apos;x86_64&amp;apos;, os.version: &amp;apos;12.6.5&amp;apos;, java.version: &amp;apos;17.0.4.1&amp;apos;
Driver info: driver.version: ChromeDriver">
      <![CDATA[org.openqa.selenium.WebDriverException: Timed out waiting for driver server to start.
Build info: version: '3.141.59', revision: 'e82be7d358', time: '2018-11-14T08:17:03'
System info: host: 'MACs-Mac-mini.local', ip: '2405:201:200c:6143:8596:172e:4fa6:6f0a%en0', os.name: 'Mac OS X', os.arch: 'x86_64', os.version: '12.6.5', java.version: '17.0.4.1'
Driver info: driver.version: ChromeDriver
at org.openqa.selenium.remote.service.DriverService.waitUntilAvailable(DriverService.java:202)
at org.openqa.selenium.remote.service.DriverService.start(DriverService.java:188)
at org.openqa.selenium.remote.service.DriverCommandExecutor.execute(DriverCommandExecutor.java:79)
at org.openqa.selenium.remote.RemoteWebDriver.execute(RemoteWebDriver.java:552)
at org.openqa.selenium.remote.RemoteWebDriver.startSession(RemoteWebDriver.java:213)
at org.openqa.selenium.remote.RemoteWebDriver.<init>(RemoteWebDriver.java:131)
at org.openqa.selenium.chrome.ChromeDriver.<init>(ChromeDriver.java:181)
at org.openqa.selenium.chrome.ChromeDriver.<init>(ChromeDriver.java:168)
at org.openqa.selenium.chrome.ChromeDriver.<init>(ChromeDriver.java:123)
at com.hrm.qa.base.TestBase.initialization(TestBase.java:48)
at com.hrm.qa.Testcases.LoginPageTestcase.setup(LoginPageTestcase.java:26)
at java.base/jdk.internal.reflect.NativeMethodAccessorImpl.invoke0(Native Method)
at java.base/jdk.internal.reflect.NativeMethodAccessorImpl.invoke(NativeMethodAccessorImpl.java:77)
at java.base/jdk.internal.reflect.DelegatingMethodAccessorImpl.invoke(DelegatingMethodAccessorImpl.java:43)
at java.base/java.lang.reflect.Method.invoke(Method.java:568)
at org.testng.internal.MethodInvocationHelper.invokeMethod(MethodInvocationHelper.java:134)
at org.testng.internal.MethodInvocationHelper.invokeMethodConsideringTimeout(MethodInvocationHelper.java:63)
at org.testng.internal.ConfigInvoker.invokeConfigurationMethod(ConfigInvoker.java:348)
at org.testng.internal.ConfigInvoker.invokeConfigurations(ConfigInvoker.java:302)
at org.testng.internal.TestInvoker.runConfigMethods(TestInvoker.java:695)
at org.testng.internal.TestInvoker.invokeMethod(TestInvoker.java:523)
at org.testng.internal.TestInvoker.invokeTestMethod(TestInvoker.java:173)
at org.testng.internal.MethodRunner.runInSequence(MethodRunner.java:46)
at org.testng.internal.TestInvoker$MethodInvocationAgent.invoke(TestInvoker.java:816)
at org.testng.internal.TestInvoker.invokeTestMethods(TestInvoker.java:146)
at org.testng.internal.TestMethodWorker.invokeTestMethods(TestMethodWorker.java:146)
at org.testng.internal.TestMethodWorker.run(TestMethodWorker.java:128)
at java.base/java.util.ArrayList.forEach(ArrayList.java:1511)
at org.testng.TestRunner.privateRun(TestRunner.java:766)
at org.testng.TestRunner.run(TestRunner.java:587)
at org.testng.SuiteRunner.runTest(SuiteRunner.java:384)
at org.testng.SuiteRunner.runSequentially(SuiteRunner.java:378)
at org.testng.SuiteRunner.privateRun(SuiteRunner.java:337)
at org.testng.SuiteRunner.run(SuiteRunner.java:286)
at org.testng.SuiteRunnerWorker.runSuite(SuiteRunnerWorker.java:53)
at org.testng.SuiteRunnerWorker.run(SuiteRunnerWorker.java:96)
at org.testng.TestNG.runSuitesSequentially(TestNG.java:1187)
at org.testng.TestNG.runSuitesLocally(TestNG.java:1109)
at org.testng.TestNG.runSuites(TestNG.java:1039)
at org.testng.TestNG.run(TestNG.java:1007)
at org.testng.remote.AbstractRemoteTestNG.run(AbstractRemoteTestNG.java:115)
at org.testng.remote.RemoteTestNG.initAndRun(RemoteTestNG.java:251)
at org.testng.remote.RemoteTestNG.main(RemoteTestNG.java:77)
Caused by: org.openqa.selenium.net.UrlChecker$TimeoutException: Timed out waiting for [http://localhost:34294/status] to be available after 20007 ms
at org.openqa.selenium.net.UrlChecker.waitUntilAvailable(UrlChecker.java:100)
at org.openqa.selenium.remote.service.DriverService.waitUntilAvailable(DriverService.java:197)
... 42 more
Caused by: java.util.concurrent.TimeoutException
at java.base/java.util.concurrent.FutureTask.get(FutureTask.java:204)
at com.google.common.util.concurrent.SimpleTimeLimiter.callWithTimeout(SimpleTimeLimiter.java:156)
at org.openqa.selenium.net.UrlChecker.waitUntilAvailable(UrlChecker.java:75)
... 43 more
]]>
    </failure>
  </testcase> <!-- @BeforeMethod setup -->
  <testcase classname="com.hrm.qa.Testcases.LoginPageTestcase" name="@AfterMethod Closebrowser" time="-1.694671917229E9">
    <skipped/>
  </testcase> <!-- @AfterMethod Closebrowser -->
  <testcase classname="com.hrm.qa.Testcases.LoginPageTestcase" name="@BeforeMethod setup" time="-1.694671917241E9">
    <skipped/>
  </testcase> <!-- @BeforeMethod setup -->
  <testcase classname="com.hrm.qa.Testcases.LoginPageTestcase" name="@AfterMethod Closebrowser" time="-1.694671917256E9">
    <skipped/>
  </testcase> <!-- @AfterMethod Closebrowser -->
  <testcase classname="com.hrm.qa.Testcases.LoginPageTestcase" name="@BeforeMethod setup" time="-1.694671917259E9">
    <skipped/>
  </testcase> <!-- @BeforeMethod setup -->
  <testcase classname="com.hrm.qa.Testcases.LoginPageTestcase" name="@AfterMethod Closebrowser" time="-1.694671917274E9">
    <skipped/>
  </testcase> <!-- @AfterMethod Closebrowser -->
  <testcase classname="com.hrm.qa.Testcases.LoginPageTestcase" name="@BeforeMethod setup" time="-1.694671917278E9">
    <skipped/>
  </testcase> <!-- @BeforeMethod setup -->
  <testcase classname="com.hrm.qa.Testcases.LoginPageTestcase" name="@AfterMethod Closebrowser" time="-1.694671917289E9">
    <skipped/>
  </testcase> <!-- @AfterMethod Closebrowser -->
  <testcase classname="com.hrm.qa.Testcases.LoginPageTestcase" name="@BeforeMethod setup" time="-1.694671917295E9">
    <skipped/>
  </testcase> <!-- @BeforeMethod setup -->
  <testcase classname="com.hrm.qa.Testcases.LoginPageTestcase" name="@AfterMethod Closebrowser" time="-1.694671917302E9">
    <skipped/>
  </testcase> <!-- @AfterMethod Closebrowser -->
  <testcase classname="com.hrm.qa.Testcases.LoginPageTestcase" name="@BeforeMethod setup" time="-1.694671917304E9">
    <skipped/>
  </testcase> <!-- @BeforeMethod setup -->
  <testcase classname="com.hrm.qa.Testcases.LoginPageTestcase" name="@AfterMethod Closebrowser" time="-1.694671917312E9">
    <skipped/>
  </testcase> <!-- @AfterMethod Closebrowser -->
  <testcase classname="com.hrm.qa.Testcases.LoginPageTestcase" name="LoginPageTitleTest" time="0.0">
    <skipped/>
  </testcase> <!-- LoginPageTitleTest -->
  <testcase classname="com.hrm.qa.Testcases.LoginPageTestcase" name="LoginPageLogoTest" time="0.0">
    <skipped/>
  </testcase> <!-- LoginPageLogoTest -->
  <testcase classname="com.hrm.qa.Testcases.LoginPageTestcase" name="LoginLabelTest" time="0.0">
    <skipped/>
  </testcase> <!-- LoginLabelTest -->
  <testcase classname="com.hrm.qa.Testcases.LoginPageTestcase" name="ClickonforgotPassworTest" time="0.0">
    <skipped/>
  </testcase> <!-- ClickonforgotPassworTest -->
  <testcase classname="com.hrm.qa.Testcases.LoginPageTestcase" name="VerifyOrangeOSversionTest" time="0.0">
    <skipped/>
  </testcase> <!-- VerifyOrangeOSversionTest -->
  <testcase classname="com.hrm.qa.Testcases.LoginPageTestcase" name="LoginTest" time="0.0">
    <skipped/>
  </testcase> <!-- LoginTest -->
</testsuite> <!-- Default test -->
